2025-12-27T16:34:09.691+01:00  INFO 19316 --- [todo-app] [main] com.example.demo.TodoAppApplication      : Starting TodoAppApplication using Java 21.0.2 with PID 19316 (D:\_SEPM_Wdh\TodoApp\multi_user_app\backend\demo\target\classes started by m in D:\_SEPM_Wdh\TodoApp\multi_user_app\backend\demo)
2025-12-27T16:34:09.697+01:00  INFO 19316 --- [todo-app] [main] com.example.demo.TodoAppApplication      : No active profile set, falling back to 1 default profile: "default"
2025-12-27T16:34:10.316+01:00  INFO 19316 --- [todo-app] [main] .s.d.r.c.RepositoryConfigurationDelegate : Bootstrapping Spring Data JPA repositories in DEFAULT mode.
2025-12-27T16:34:10.360+01:00  INFO 19316 --- [todo-app] [main] .s.d.r.c.RepositoryConfigurationDelegate : Finished Spring Data repository scanning in 35 ms. Found 1 JPA repository interface.
2025-12-27T16:34:10.736+01:00  INFO 19316 --- [todo-app] [main] o.s.b.w.embedded.tomcat.TomcatWebServer  : Tomcat initialized with port 8080 (http)
2025-12-27T16:34:10.749+01:00  INFO 19316 --- [todo-app] [main] o.apache.catalina.core.StandardService   : Starting service [Tomcat]
2025-12-27T16:34:10.750+01:00  INFO 19316 --- [todo-app] [main] o.apache.catalina.core.StandardEngine    : Starting Servlet engine: [Apache Tomcat/10.1.50]
2025-12-27T16:34:10.809+01:00  INFO 19316 --- [todo-app] [main] o.a.c.c.C.[Tomcat].[localhost].[/]       : Initializing Spring embedded WebApplicationContext
2025-12-27T16:34:10.809+01:00  INFO 19316 --- [todo-app] [main] w.s.c.ServletWebServerApplicationContext : Root WebApplicationContext: initialization completed in 1050 ms
2025-12-27T16:34:10.934+01:00  INFO 19316 --- [todo-app] [main] o.hibernate.jpa.internal.util.LogHelper  : HHH000204: Processing PersistenceUnitInfo [name: default]
2025-12-27T16:34:10.995+01:00  INFO 19316 --- [todo-app] [main] org.hibernate.Version                    : HHH000412: Hibernate ORM core version 6.6.39.Final
2025-12-27T16:34:11.026+01:00  INFO 19316 --- [todo-app] [main] o.h.c.internal.RegionFactoryInitiator    : HHH000026: Second-level cache disabled
2025-12-27T16:34:11.296+01:00  INFO 19316 --- [todo-app] [main] o.s.o.j.p.SpringPersistenceUnitInfo      : No LoadTimeWeaver setup: ignoring JPA class transformer
2025-12-27T16:34:11.323+01:00  INFO 19316 --- [todo-app] [main] com.zaxxer.hikari.HikariDataSource       : HikariPool-1 - Starting...
2025-12-27T16:34:15.603+01:00  INFO 19316 --- [todo-app] [main] com.zaxxer.hikari.pool.HikariPool        : HikariPool-1 - Added connection conn1: url=jdbc:h2:file:./data/testdb user=SA
2025-12-27T16:34:15.604+01:00  INFO 19316 --- [todo-app] [main] com.zaxxer.hikari.HikariDataSource       : HikariPool-1 - Start completed.
2025-12-27T16:34:15.654+01:00  INFO 19316 --- [todo-app] [main] org.hibernate.orm.connections.pooling    : HHH10001005: Database info:
	Database JDBC URL [Connecting through datasource 'HikariDataSource (HikariPool-1)']
	Database driver: undefined/unknown
	Database version: 2.3.232
	Autocommit mode: undefined/unknown
	Isolation level: undefined/unknown
	Minimum pool size: undefined/unknown
	Maximum pool size: undefined/unknown
2025-12-27T16:34:16.343+01:00  INFO 19316 --- [todo-app] [main] o.h.e.t.j.p.i.JtaPlatformInitiator       : HHH000489: No JTA platform available (set 'hibernate.transaction.jta.platform' to enable JTA platform integration)
2025-12-27T16:34:16.380+01:00  INFO 19316 --- [todo-app] [main] j.LocalContainerEntityManagerFactoryBean : Initialized JPA EntityManagerFactory for persistence unit 'default'
2025-12-27T16:34:16.535+01:00  WARN 19316 --- [todo-app] [main] JpaBaseConfiguration$JpaWebConfiguration : spring.jpa.open-in-view is enabled by default. Therefore, database queries may be performed during view rendering. Explicitly configure spring.jpa.open-in-view to disable this warning
2025-12-27T16:34:16.748+01:00  INFO 19316 --- [todo-app] [main] o.s.b.a.h2.H2ConsoleAutoConfiguration    : H2 console available at '/h2-console'. Database available at 'jdbc:h2:file:./data/testdb'
2025-12-27T16:34:16.833+01:00  INFO 19316 --- [todo-app] [main] o.s.b.w.embedded.tomcat.TomcatWebServer  : Tomcat started on port 8080 (http) with context path '/'
2025-12-27T16:34:16.839+01:00  INFO 19316 --- [todo-app] [main] com.example.demo.TodoAppApplication      : Started TodoAppApplication in 7.554 seconds (process running for 7.9)
2025-12-27T16:35:29.558+01:00  INFO 19316 --- [todo-app] [http-nio-8080-exec-1] o.a.c.c.C.[Tomcat].[localhost].[/]       : Initializing Spring DispatcherServlet 'dispatcherServlet'
2025-12-27T16:35:29.558+01:00  INFO 19316 --- [todo-app] [http-nio-8080-exec-1] o.s.web.servlet.DispatcherServlet        : Initializing Servlet 'dispatcherServlet'
2025-12-27T16:35:29.559+01:00  INFO 19316 --- [todo-app] [http-nio-8080-exec-1] o.s.web.servlet.DispatcherServlet        : Completed initialization in 1 ms
