2025-12-26T11:37:58.206+01:00  INFO 17004 --- [todo-app] [main] com.example.demo.TodoAppApplication      : Starting TodoAppApplication using Java 21.0.2 with PID 17004 (D:\_SEPM_Wdh\TodoApp\single_user_app\backend\demo\target\classes started by m in D:\_SEPM_Wdh\TodoApp\single_user_app\backend\demo)
2025-12-26T11:37:58.215+01:00  INFO 17004 --- [todo-app] [main] com.example.demo.TodoAppApplication      : No active profile set, falling back to 1 default profile: "default"
2025-12-26T11:37:58.692+01:00  INFO 17004 --- [todo-app] [main] .s.d.r.c.RepositoryConfigurationDelegate : Bootstrapping Spring Data JPA repositories in DEFAULT mode.
2025-12-26T11:37:58.733+01:00  INFO 17004 --- [todo-app] [main] .s.d.r.c.RepositoryConfigurationDelegate : Finished Spring Data repository scanning in 34 ms. Found 1 JPA repository interface.
2025-12-26T11:37:59.098+01:00  INFO 17004 --- [todo-app] [main] o.s.b.w.embedded.tomcat.TomcatWebServer  : Tomcat initialized with port 8080 (http)
2025-12-26T11:37:59.112+01:00  INFO 17004 --- [todo-app] [main] o.apache.catalina.core.StandardService   : Starting service [Tomcat]
2025-12-26T11:37:59.112+01:00  INFO 17004 --- [todo-app] [main] o.apache.catalina.core.StandardEngine    : Starting Servlet engine: [Apache Tomcat/10.1.50]
2025-12-26T11:37:59.162+01:00  INFO 17004 --- [todo-app] [main] o.a.c.c.C.[Tomcat].[localhost].[/]       : Initializing Spring embedded WebApplicationContext
2025-12-26T11:37:59.163+01:00  INFO 17004 --- [todo-app] [main] w.s.c.ServletWebServerApplicationContext : Root WebApplicationContext: initialization completed in 915 ms
2025-12-26T11:37:59.289+01:00  INFO 17004 --- [todo-app] [main] o.hibernate.jpa.internal.util.LogHelper  : HHH000204: Processing PersistenceUnitInfo [name: default]
2025-12-26T11:37:59.343+01:00  INFO 17004 --- [todo-app] [main] org.hibernate.Version                    : HHH000412: Hibernate ORM core version 6.6.39.Final
2025-12-26T11:37:59.373+01:00  INFO 17004 --- [todo-app] [main] o.h.c.internal.RegionFactoryInitiator    : HHH000026: Second-level cache disabled
2025-12-26T11:37:59.614+01:00  INFO 17004 --- [todo-app] [main] o.s.o.j.p.SpringPersistenceUnitInfo      : No LoadTimeWeaver setup: ignoring JPA class transformer
2025-12-26T11:37:59.640+01:00  INFO 17004 --- [todo-app] [main] com.zaxxer.hikari.HikariDataSource       : HikariPool-1 - Starting...
2025-12-26T11:38:08.472+01:00  INFO 17004 --- [todo-app] [main] com.zaxxer.hikari.pool.HikariPool        : HikariPool-1 - Added connection conn1: url=jdbc:h2:file:./data/testdb user=SA
2025-12-26T11:38:08.474+01:00  INFO 17004 --- [todo-app] [main] com.zaxxer.hikari.HikariDataSource       : HikariPool-1 - Start completed.
2025-12-26T11:38:08.543+01:00  INFO 17004 --- [todo-app] [main] org.hibernate.orm.connections.pooling    : HHH10001005: Database info:
	Database JDBC URL [Connecting through datasource 'HikariDataSource (HikariPool-1)']
	Database driver: undefined/unknown
	Database version: 2.3.232
	Autocommit mode: undefined/unknown
	Isolation level: undefined/unknown
	Minimum pool size: undefined/unknown
	Maximum pool size: undefined/unknown
2025-12-26T11:38:09.211+01:00  INFO 17004 --- [todo-app] [main] o.h.e.t.j.p.i.JtaPlatformInitiator       : HHH000489: No JTA platform available (set 'hibernate.transaction.jta.platform' to enable JTA platform integration)
2025-12-26T11:38:09.254+01:00  INFO 17004 --- [todo-app] [main] j.LocalContainerEntityManagerFactoryBean : Initialized JPA EntityManagerFactory for persistence unit 'default'
2025-12-26T11:38:09.404+01:00  WARN 17004 --- [todo-app] [main] JpaBaseConfiguration$JpaWebConfiguration : spring.jpa.open-in-view is enabled by default. Therefore, database queries may be performed during view rendering. Explicitly configure spring.jpa.open-in-view to disable this warning
2025-12-26T11:38:09.612+01:00  INFO 17004 --- [todo-app] [main] o.s.b.a.h2.H2ConsoleAutoConfiguration    : H2 console available at '/h2-console'. Database available at 'jdbc:h2:file:./data/testdb'
2025-12-26T11:38:09.668+01:00  INFO 17004 --- [todo-app] [main] o.s.b.w.embedded.tomcat.TomcatWebServer  : Tomcat started on port 8080 (http) with context path '/'
2025-12-26T11:38:09.673+01:00  INFO 17004 --- [todo-app] [main] com.example.demo.TodoAppApplication      : Started TodoAppApplication in 11.843 seconds (process running for 12.132)
2025-12-26T11:39:01.587+01:00  INFO 17004 --- [todo-app] [http-nio-8080-exec-1] o.a.c.c.C.[Tomcat].[localhost].[/]       : Initializing Spring DispatcherServlet 'dispatcherServlet'
2025-12-26T11:39:01.587+01:00  INFO 17004 --- [todo-app] [http-nio-8080-exec-1] o.s.web.servlet.DispatcherServlet        : Initializing Servlet 'dispatcherServlet'
2025-12-26T11:39:01.588+01:00  INFO 17004 --- [todo-app] [http-nio-8080-exec-1] o.s.web.servlet.DispatcherServlet        : Completed initialization in 1 ms
